[26-Jun-2023 05:10:34 UTC] PHP Fatal error:  Uncaught Error: Call to undefined function blginfo() in /home4/wefttkup/public_html/wp-content/themes/weft/template-parts/landingpage-ui-ux.php:19
Stack trace:
#0 /home4/wefttkup/public_html/wp-includes/template-loader.php(106): include()
#1 /home4/wefttkup/public_html/wp-blog-header.php(19): require_once('/home4/wefttkup...')
#2 /home4/wefttkup/public_html/index.php(17): require('/home4/wefttkup...')
#3 {main}
  thrown in /home4/wefttkup/public_html/wp-content/themes/weft/template-parts/landingpage-ui-ux.php on line 19
[26-Jun-2023 05:10:39 UTC] PHP Fatal error:  Uncaught Error: Call to undefined function blginfo() in /home4/wefttkup/public_html/wp-content/themes/weft/template-parts/landingpage-ui-ux.php:19
Stack trace:
#0 /home4/wefttkup/public_html/wp-includes/template-loader.php(106): include()
#1 /home4/wefttkup/public_html/wp-blog-header.php(19): require_once('/home4/wefttkup...')
#2 /home4/wefttkup/public_html/index.php(17): require('/home4/wefttkup...')
#3 {main}
  thrown in /home4/wefttkup/public_html/wp-content/themes/weft/template-parts/landingpage-ui-ux.php on line 19
[26-Jun-2023 05:11:10 UTC] PHP Fatal error:  Uncaught Error: Call to undefined function blginfo() in /home4/wefttkup/public_html/wp-content/themes/weft/template-parts/landingpage-ui-ux.php:19
Stack trace:
#0 /home4/wefttkup/public_html/wp-includes/template-loader.php(106): include()
#1 /home4/wefttkup/public_html/wp-blog-header.php(19): require_once('/home4/wefttkup...')
#2 /home4/wefttkup/public_html/index.php(17): require('/home4/wefttkup...')
#3 {main}
  thrown in /home4/wefttkup/public_html/wp-content/themes/weft/template-parts/landingpage-ui-ux.php on line 19
[26-Jun-2023 05:11:51 UTC] PHP Fatal error:  Uncaught Error: Call to undefined function blginfo() in /home4/wefttkup/public_html/wp-content/themes/weft/template-parts/landingpage-ui-ux.php:19
Stack trace:
#0 /home4/wefttkup/public_html/wp-includes/template-loader.php(106): include()
#1 /home4/wefttkup/public_html/wp-blog-header.php(19): require_once('/home4/wefttkup...')
#2 /home4/wefttkup/public_html/index.php(17): require('/home4/wefttkup...')
#3 {main}
  thrown in /home4/wefttkup/public_html/wp-content/themes/weft/template-parts/landingpage-ui-ux.php on line 19
[26-Jun-2023 05:14:03 UTC] PHP Fatal error:  Uncaught Error: Call to undefined function blginfo() in /home4/wefttkup/public_html/wp-content/themes/weft/template-parts/landingpage-ui-ux.php:19
Stack trace:
#0 /home4/wefttkup/public_html/wp-includes/template-loader.php(106): include()
#1 /home4/wefttkup/public_html/wp-blog-header.php(19): require_once('/home4/wefttkup...')
#2 /home4/wefttkup/public_html/index.php(17): require('/home4/wefttkup...')
#3 {main}
  thrown in /home4/wefttkup/public_html/wp-content/themes/weft/template-parts/landingpage-ui-ux.php on line 19
[26-Jun-2023 05:15:39 UTC] PHP Fatal error:  Uncaught Error: Call to undefined function blginfo() in /home4/wefttkup/public_html/wp-content/themes/weft/template-parts/landingpage-ui-ux.php:19
Stack trace:
#0 /home4/wefttkup/public_html/wp-includes/template-loader.php(106): include()
#1 /home4/wefttkup/public_html/wp-blog-header.php(19): require_once('/home4/wefttkup...')
#2 /home4/wefttkup/public_html/index.php(17): require('/home4/wefttkup...')
#3 {main}
  thrown in /home4/wefttkup/public_html/wp-content/themes/weft/template-parts/landingpage-ui-ux.php on line 19
[26-Jun-2023 05:17:01 UTC] PHP Fatal error:  Uncaught Error: Call to undefined function blginfo() in /home4/wefttkup/public_html/wp-content/themes/weft/template-parts/landingpage-ui-ux.php:19
Stack trace:
#0 /home4/wefttkup/public_html/wp-includes/template-loader.php(106): include()
#1 /home4/wefttkup/public_html/wp-blog-header.php(19): require_once('/home4/wefttkup...')
#2 /home4/wefttkup/public_html/index.php(17): require('/home4/wefttkup...')
#3 {main}
  thrown in /home4/wefttkup/public_html/wp-content/themes/weft/template-parts/landingpage-ui-ux.php on line 19
[29-Jun-2023 12:41:49 UTC] PHP Fatal error:  Uncaught Error: Call to undefined function get_title() in /home4/wefttkup/public_html/wp-content/themes/weft/template-parts/blog-details.php:44
Stack trace:
#0 /home4/wefttkup/public_html/wp-includes/template-loader.php(106): include()
#1 /home4/wefttkup/public_html/wp-blog-header.php(19): require_once('/home4/wefttkup...')
#2 /home4/wefttkup/public_html/index.php(17): require('/home4/wefttkup...')
#3 {main}
  thrown in /home4/wefttkup/public_html/wp-content/themes/weft/template-parts/blog-details.php on line 44
[03-Jul-2023 01:07:19 UTC] PHP Fatal error:  Uncaught Error: Call to undefined function get_title() in /home4/wefttkup/public_html/wp-content/themes/weft/template-parts/blog-details.php:44
Stack trace:
#0 /home4/wefttkup/public_html/wp-includes/template-loader.php(106): include()
#1 /home4/wefttkup/public_html/wp-blog-header.php(19): require_once('/home4/wefttkup...')
#2 /home4/wefttkup/public_html/index.php(17): require('/home4/wefttkup...')
#3 {main}
  thrown in /home4/wefttkup/public_html/wp-content/themes/weft/template-parts/blog-details.php on line 44
[03-Jul-2023 10:22:12 UTC] PHP Fatal error:  Uncaught Error: Call to undefined function get_title() in /home4/wefttkup/public_html/wp-content/themes/weft/template-parts/blog-details.php:44
Stack trace:
#0 /home4/wefttkup/public_html/wp-includes/template-loader.php(106): include()
#1 /home4/wefttkup/public_html/wp-blog-header.php(19): require_once('/home4/wefttkup...')
#2 /home4/wefttkup/public_html/index.php(17): require('/home4/wefttkup...')
#3 {main}
  thrown in /home4/wefttkup/public_html/wp-content/themes/weft/template-parts/blog-details.php on line 44
[03-Jul-2023 10:30:01 UTC] PHP Parse error:  syntax error, unexpected token ">" in /home4/wefttkup/public_html/wp-content/themes/weft/single-blog.php on line 67
[31-Jul-2023 00:25:52 UTC] Cron reschedule event error for hook: aiowps_hourly_cron_event, Error code: could_not_set, Error message: The cron event list could not be saved., Data: {"schedule":"hourly","args":[],"interval":3600}
[10-Aug-2023 01:06:26 UTC] Cron reschedule event error for hook: aios_15_minutes_cron_event, Error code: could_not_set, Error message: The cron event list could not be saved., Data: {"schedule":"aios-every-15-minutes","args":[],"interval":900}
[24-Sep-2023 07:36:42 UTC] PHP Warning:  Undefined array key "phone-country-code" in /home4/wefttkup/public_html/wp-content/plugins/country-phone-field-contact-form-7/includes/phone-text.php on line 116
[05-Dec-2023 03:21:40 UTC] {}
[23-Dec-2023 19:40:15 UTC] PHP Fatal error:  Uncaught Error: Undefined constant "ABSPATH" in /home4/wefttkup/public_html/wp-settings.php:33
Stack trace:
#0 {main}
  thrown in /home4/wefttkup/public_html/wp-settings.php on line 33
[24-Dec-2023 19:07:16 UTC] PHP Fatal error:  Uncaught Error: Undefined constant "ABSPATH" in /home4/wefttkup/public_html/wp-settings.php:33
Stack trace:
#0 {main}
  thrown in /home4/wefttkup/public_html/wp-settings.php on line 33
[27-Dec-2023 09:20:33 UTC] PHP Fatal error:  Uncaught Error: Undefined constant "ABSPATH" in /home4/wefttkup/public_html/wp-settings.php:33
Stack trace:
#0 {main}
  thrown in /home4/wefttkup/public_html/wp-settings.php on line 33
[27-Dec-2023 09:48:17 UTC] PHP Warning:  Trying to access array offset on value of type null in /home4/wefttkup/public_html/wp-content/plugins/official-facebook-pixel/integration/FacebookWordpressContactForm7.php on line 122
[27-Dec-2023 09:48:17 UTC] PHP Warning:  Trying to access array offset on value of type null in /home4/wefttkup/public_html/wp-content/plugins/official-facebook-pixel/integration/FacebookWordpressContactForm7.php on line 123
[27-Dec-2023 09:49:59 UTC] PHP Warning:  Trying to access array offset on value of type null in /home4/wefttkup/public_html/wp-content/plugins/official-facebook-pixel/integration/FacebookWordpressContactForm7.php on line 122
[27-Dec-2023 09:49:59 UTC] PHP Warning:  Trying to access array offset on value of type null in /home4/wefttkup/public_html/wp-content/plugins/official-facebook-pixel/integration/FacebookWordpressContactForm7.php on line 123
[27-Dec-2023 09:51:07 UTC] PHP Warning:  Trying to access array offset on value of type null in /home4/wefttkup/public_html/wp-content/plugins/official-facebook-pixel/integration/FacebookWordpressContactForm7.php on line 122
[27-Dec-2023 09:51:07 UTC] PHP Warning:  Trying to access array offset on value of type null in /home4/wefttkup/public_html/wp-content/plugins/official-facebook-pixel/integration/FacebookWordpressContactForm7.php on line 123
[28-Dec-2023 22:46:50 UTC] PHP Fatal error:  Uncaught Error: Undefined constant "ABSPATH" in /home4/wefttkup/public_html/wp-settings.php:33
Stack trace:
#0 {main}
  thrown in /home4/wefttkup/public_html/wp-settings.php on line 33
[04-Jan-2024 05:20:40 UTC] PHP Fatal error:  Uncaught Error: Undefined constant "ABSPATH" in /home4/wefttkup/public_html/wp-settings.php:33
Stack trace:
#0 {main}
  thrown in /home4/wefttkup/public_html/wp-settings.php on line 33
[05-Jan-2024 01:26:25 UTC] PHP Fatal error:  Uncaught Error: Undefined constant "ABSPATH" in /home4/wefttkup/public_html/wp-settings.php:33
Stack trace:
#0 {main}
  thrown in /home4/wefttkup/public_html/wp-settings.php on line 33
[06-Jan-2024 01:40:32 UTC] PHP Fatal error:  Uncaught Error: Undefined constant "ABSPATH" in /home4/wefttkup/public_html/wp-settings.php:33
Stack trace:
#0 {main}
  thrown in /home4/wefttkup/public_html/wp-settings.php on line 33
[09-Jan-2024 00:46:29 UTC] PHP Fatal error:  Uncaught Error: Undefined constant "ABSPATH" in /home4/wefttkup/public_html/wp-settings.php:33
Stack trace:
#0 {main}
  thrown in /home4/wefttkup/public_html/wp-settings.php on line 33
[12-Jan-2024 10:12:00 UTC] PHP Fatal error:  Uncaught Error: Undefined constant "landing" in /home4/wefttkup/public_html/wp-content/themes/weft/template-parts/health-care.php:3
Stack trace:
#0 /home4/wefttkup/public_html/wp-includes/template-loader.php(106): include()
#1 /home4/wefttkup/public_html/wp-blog-header.php(19): require_once('/home4/wefttkup...')
#2 /home4/wefttkup/public_html/index.php(17): require('/home4/wefttkup...')
#3 {main}
  thrown in /home4/wefttkup/public_html/wp-content/themes/weft/template-parts/health-care.php on line 3
[13-Jan-2024 14:14:42 UTC] PHP Fatal error:  Uncaught Error: Undefined constant "ABSPATH" in /home4/wefttkup/public_html/wp-settings.php:33
Stack trace:
#0 {main}
  thrown in /home4/wefttkup/public_html/wp-settings.php on line 33
[14-Jan-2024 15:25:57 UTC] PHP Fatal error:  Uncaught Error: Undefined constant "ABSPATH" in /home4/wefttkup/public_html/wp-settings.php:33
Stack trace:
#0 {main}
  thrown in /home4/wefttkup/public_html/wp-settings.php on line 33
[19-Jan-2024 03:05:23 UTC] PHP Fatal error:  Uncaught Error: Undefined constant "ABSPATH" in /home4/wefttkup/public_html/wp-settings.php:33
Stack trace:
#0 {main}
  thrown in /home4/wefttkup/public_html/wp-settings.php on line 33
[20-Jan-2024 01:43:24 UTC] PHP Fatal error:  Uncaught Error: Undefined constant "ABSPATH" in /home4/wefttkup/public_html/wp-settings.php:33
Stack trace:
#0 {main}
  thrown in /home4/wefttkup/public_html/wp-settings.php on line 33
[22-Jan-2024 13:55:07 UTC] PHP Fatal error:  Uncaught Error: Undefined constant "ABSPATH" in /home4/wefttkup/public_html/wp-settings.php:33
Stack trace:
#0 {main}
  thrown in /home4/wefttkup/public_html/wp-settings.php on line 33
[22-Jan-2024 20:16:59 UTC] PHP Fatal error:  Uncaught Error: Undefined constant "ABSPATH" in /home4/wefttkup/public_html/wp-settings.php:33
Stack trace:
#0 {main}
  thrown in /home4/wefttkup/public_html/wp-settings.php on line 33
[22-Jan-2024 23:12:56 UTC] PHP Fatal error:  Uncaught Error: Undefined constant "ABSPATH" in /home4/wefttkup/public_html/wp-settings.php:33
Stack trace:
#0 {main}
  thrown in /home4/wefttkup/public_html/wp-settings.php on line 33
[23-Jan-2024 06:24:26 UTC] PHP Fatal error:  Uncaught Error: Undefined constant "ABSPATH" in /home4/wefttkup/public_html/wp-settings.php:33
Stack trace:
#0 {main}
  thrown in /home4/wefttkup/public_html/wp-settings.php on line 33
[25-Jan-2024 13:28:54 UTC] PHP Fatal error:  Uncaught Error: Undefined constant "ABSPATH" in /home4/wefttkup/public_html/wp-settings.php:33
Stack trace:
#0 {main}
  thrown in /home4/wefttkup/public_html/wp-settings.php on line 33
[27-Jan-2024 09:55:33 UTC] PHP Fatal error:  Uncaught Error: Undefined constant "ABSPATH" in /home4/wefttkup/public_html/wp-settings.php:33
Stack trace:
#0 {main}
  thrown in /home4/wefttkup/public_html/wp-settings.php on line 33
[27-Jan-2024 14:45:11 UTC] PHP Fatal error:  Uncaught Error: Undefined constant "ABSPATH" in /home4/wefttkup/public_html/wp-settings.php:33
Stack trace:
#0 {main}
  thrown in /home4/wefttkup/public_html/wp-settings.php on line 33
[28-Jan-2024 00:25:51 UTC] PHP Fatal error:  Uncaught Error: Undefined constant "ABSPATH" in /home4/wefttkup/public_html/wp-settings.php:33
Stack trace:
#0 {main}
  thrown in /home4/wefttkup/public_html/wp-settings.php on line 33
[28-Jan-2024 14:43:34 UTC] PHP Fatal error:  Uncaught Error: Undefined constant "ABSPATH" in /home4/wefttkup/public_html/wp-settings.php:33
Stack trace:
#0 {main}
  thrown in /home4/wefttkup/public_html/wp-settings.php on line 33
[30-Jan-2024 13:54:12 UTC] PHP Fatal error:  Uncaught Error: Undefined constant "ABSPATH" in /home4/wefttkup/public_html/wp-settings.php:33
Stack trace:
#0 {main}
  thrown in /home4/wefttkup/public_html/wp-settings.php on line 33
[01-Feb-2024 10:56:32 UTC] PHP Fatal error:  Uncaught Error: Undefined constant "ABSPATH" in /home4/wefttkup/public_html/wp-settings.php:33
Stack trace:
#0 {main}
  thrown in /home4/wefttkup/public_html/wp-settings.php on line 33
[04-Feb-2024 03:09:19 UTC] PHP Fatal error:  Uncaught Error: Undefined constant "ABSPATH" in /home4/wefttkup/public_html/wp-settings.php:33
Stack trace:
#0 {main}
  thrown in /home4/wefttkup/public_html/wp-settings.php on line 33
[04-Feb-2024 09:14:05 UTC] PHP Warning:  Trying to access array offset on value of type null in /home4/wefttkup/public_html/wp-content/plugins/official-facebook-pixel/integration/FacebookWordpressContactForm7.php on line 122
[04-Feb-2024 09:14:05 UTC] PHP Warning:  Trying to access array offset on value of type null in /home4/wefttkup/public_html/wp-content/plugins/official-facebook-pixel/integration/FacebookWordpressContactForm7.php on line 123
[04-Feb-2024 18:43:55 UTC] PHP Fatal error:  Uncaught Error: Undefined constant "ABSPATH" in /home4/wefttkup/public_html/wp-settings.php:33
Stack trace:
#0 {main}
  thrown in /home4/wefttkup/public_html/wp-settings.php on line 33
[05-Feb-2024 12:45:35 UTC] PHP Fatal error:  Uncaught Error: Undefined constant "ABSPATH" in /home4/wefttkup/public_html/wp-settings.php:33
Stack trace:
#0 {main}
  thrown in /home4/wefttkup/public_html/wp-settings.php on line 33
[05-Feb-2024 14:23:56 UTC] PHP Fatal error:  Uncaught Error: Undefined constant "ABSPATH" in /home4/wefttkup/public_html/wp-settings.php:33
Stack trace:
#0 {main}
  thrown in /home4/wefttkup/public_html/wp-settings.php on line 33
[05-Feb-2024 17:12:50 UTC] PHP Fatal error:  Uncaught Error: Undefined constant "ABSPATH" in /home4/wefttkup/public_html/wp-settings.php:33
Stack trace:
#0 {main}
  thrown in /home4/wefttkup/public_html/wp-settings.php on line 33
[05-Feb-2024 22:56:43 UTC] PHP Fatal error:  Uncaught Error: Undefined constant "ABSPATH" in /home4/wefttkup/public_html/wp-settings.php:33
Stack trace:
#0 {main}
  thrown in /home4/wefttkup/public_html/wp-settings.php on line 33
[07-Feb-2024 10:03:03 UTC] PHP Parse error:  syntax error, unexpected token "elseif", expecting end of file in /home4/wefttkup/public_html/wp-content/themes/weft/header-casestudy.php on line 64
[07-Feb-2024 10:03:25 UTC] PHP Parse error:  syntax error, unexpected token "elseif", expecting end of file in /home4/wefttkup/public_html/wp-content/themes/weft/header-casestudy.php on line 64
[07-Feb-2024 10:03:57 UTC] PHP Parse error:  syntax error, unexpected token "elseif", expecting end of file in /home4/wefttkup/public_html/wp-content/themes/weft/header-casestudy.php on line 64
[07-Feb-2024 10:04:10 UTC] PHP Parse error:  syntax error, unexpected token "elseif", expecting end of file in /home4/wefttkup/public_html/wp-content/themes/weft/header-casestudy.php on line 64
[07-Feb-2024 10:04:18 UTC] PHP Parse error:  syntax error, unexpected token "elseif", expecting end of file in /home4/wefttkup/public_html/wp-content/themes/weft/header-casestudy.php on line 64
[07-Feb-2024 23:48:46 UTC] PHP Fatal error:  Uncaught Error: Undefined constant "ABSPATH" in /home4/wefttkup/public_html/wp-settings.php:33
Stack trace:
#0 {main}
  thrown in /home4/wefttkup/public_html/wp-settings.php on line 33
[08-Feb-2024 10:03:13 UTC] PHP Fatal error:  Uncaught Error: Undefined constant "ABSPATH" in /home4/wefttkup/public_html/wp-settings.php:33
Stack trace:
#0 {main}
  thrown in /home4/wefttkup/public_html/wp-settings.php on line 33
[10-Feb-2024 18:14:41 UTC] PHP Fatal error:  Uncaught Error: Undefined constant "ABSPATH" in /home4/wefttkup/public_html/wp-settings.php:33
Stack trace:
#0 {main}
  thrown in /home4/wefttkup/public_html/wp-settings.php on line 33
[11-Feb-2024 15:04:47 UTC] PHP Fatal error:  Uncaught Error: Undefined constant "ABSPATH" in /home4/wefttkup/public_html/wp-settings.php:33
Stack trace:
#0 {main}
  thrown in /home4/wefttkup/public_html/wp-settings.php on line 33
[12-Feb-2024 08:36:59 UTC] PHP Fatal error:  Uncaught Error: Undefined constant "ABSPATH" in /home4/wefttkup/public_html/wp-settings.php:33
Stack trace:
#0 {main}
  thrown in /home4/wefttkup/public_html/wp-settings.php on line 33
[12-Feb-2024 15:31:57 UTC] PHP Fatal error:  Uncaught Error: Undefined constant "ABSPATH" in /home4/wefttkup/public_html/wp-settings.php:33
Stack trace:
#0 {main}
  thrown in /home4/wefttkup/public_html/wp-settings.php on line 33
[14-Feb-2024 09:26:22 UTC] PHP Fatal error:  Uncaught Error: Undefined constant "ABSPATH" in /home4/wefttkup/public_html/wp-settings.php:33
Stack trace:
#0 {main}
  thrown in /home4/wefttkup/public_html/wp-settings.php on line 33
[17-Feb-2024 18:37:16 UTC] PHP Fatal error:  Uncaught Error: Undefined constant "ABSPATH" in /home4/wefttkup/public_html/wp-settings.php:33
Stack trace:
#0 {main}
  thrown in /home4/wefttkup/public_html/wp-settings.php on line 33
[20-Feb-2024 13:11:37 UTC] PHP Fatal error:  Uncaught Error: Undefined constant "ABSPATH" in /home4/wefttkup/public_html/wp-settings.php:33
Stack trace:
#0 {main}
  thrown in /home4/wefttkup/public_html/wp-settings.php on line 33
[23-Feb-2024 12:35:47 UTC] PHP Fatal error:  Uncaught Error: Undefined constant "ABSPATH" in /home4/wefttkup/public_html/wp-settings.php:33
Stack trace:
#0 {main}
  thrown in /home4/wefttkup/public_html/wp-settings.php on line 33
[27-Feb-2024 04:05:21 UTC] PHP Fatal error:  Uncaught Error: Undefined constant "ABSPATH" in /home4/wefttkup/public_html/wp-settings.php:33
Stack trace:
#0 {main}
  thrown in /home4/wefttkup/public_html/wp-settings.php on line 33
[29-Feb-2024 06:38:14 UTC] PHP Parse error:  syntax error, unexpected identifier "template_url", expecting ")" in /home4/wefttkup/public_html/wp-content/themes/weft/frontpage.php on line 260
[29-Feb-2024 14:44:58 UTC] Cron reschedule event error for hook: wp_privacy_delete_old_export_files, Error code: could_not_set, Error message: The cron event list could not be saved., Data: {"schedule":"hourly","args":[],"interval":3600}
[08-Mar-2024 09:33:11 UTC] PHP Fatal error:  Uncaught Error: Undefined constant "ABSPATH" in /home4/wefttkup/public_html/wp-settings.php:33
Stack trace:
#0 {main}
  thrown in /home4/wefttkup/public_html/wp-settings.php on line 33
[12-Mar-2024 09:15:25 UTC] {}
[12-Mar-2024 11:54:50 UTC] PHP Fatal error:  Uncaught Error: Undefined constant "is_page_template" in /home4/wefttkup/public_html/wp-content/themes/weft/header-mvp.php:47
Stack trace:
#0 /home4/wefttkup/public_html/wp-includes/template.php(790): require_once()
#1 /home4/wefttkup/public_html/wp-includes/template.php(725): load_template('/home4/wefttkup...', true, Array)
#2 /home4/wefttkup/public_html/wp-includes/general-template.php(48): locate_template(Array, true, true, Array)
#3 /home4/wefttkup/public_html/wp-content/themes/weft/template-parts/thankyou-mvp.php(2): get_header('mvp')
#4 /home4/wefttkup/public_html/wp-includes/template-loader.php(106): include('/home4/wefttkup...')
#5 /home4/wefttkup/public_html/wp-blog-header.php(19): require_once('/home4/wefttkup...')
#6 /home4/wefttkup/public_html/index.php(17): require('/home4/wefttkup...')
#7 {main}
  thrown in /home4/wefttkup/public_html/wp-content/themes/weft/header-mvp.php on line 47
[27-Mar-2024 05:09:26 UTC] PHP Fatal error:  Uncaught Error: Undefined constant "ABSPATH" in /home4/wefttkup/public_html/wp-settings.php:33
Stack trace:
#0 {main}
  thrown in /home4/wefttkup/public_html/wp-settings.php on line 33
[28-Mar-2024 14:14:31 UTC] PHP Fatal error:  Uncaught Error: Undefined constant "ABSPATH" in /home4/wefttkup/public_html/wp-settings.php:33
Stack trace:
#0 {main}
  thrown in /home4/wefttkup/public_html/wp-settings.php on line 33
[02-Apr-2024 01:19:44 UTC] PHP Fatal error:  Uncaught Error: Undefined constant "ABSPATH" in /home4/wefttkup/public_html/wp-settings.php:33
Stack trace:
#0 {main}
  thrown in /home4/wefttkup/public_html/wp-settings.php on line 33
[02-Apr-2024 12:13:06 UTC] PHP Fatal error:  Uncaught Error: Undefined constant "ABSPATH" in /home4/wefttkup/public_html/wp-settings.php:33
Stack trace:
#0 {main}
  thrown in /home4/wefttkup/public_html/wp-settings.php on line 33
[03-Apr-2024 15:36:30 UTC] PHP Fatal error:  Uncaught Error: Undefined constant "ABSPATH" in /home4/wefttkup/public_html/wp-settings.php:33
Stack trace:
#0 {main}
  thrown in /home4/wefttkup/public_html/wp-settings.php on line 33
[04-Apr-2024 21:15:05 UTC] PHP Fatal error:  Uncaught Error: Undefined constant "ABSPATH" in /home4/wefttkup/public_html/wp-settings.php:33
Stack trace:
#0 {main}
  thrown in /home4/wefttkup/public_html/wp-settings.php on line 33
[05-Apr-2024 21:24:14 UTC] PHP Fatal error:  Uncaught Error: Undefined constant "ABSPATH" in /home4/wefttkup/public_html/wp-settings.php:33
Stack trace:
#0 {main}
  thrown in /home4/wefttkup/public_html/wp-settings.php on line 33
[07-Apr-2024 02:39:44 UTC] PHP Fatal error:  Uncaught Error: Undefined constant "ABSPATH" in /home4/wefttkup/public_html/wp-settings.php:33
Stack trace:
#0 {main}
  thrown in /home4/wefttkup/public_html/wp-settings.php on line 33
[08-Apr-2024 16:00:10 UTC] PHP Fatal error:  Uncaught Error: Undefined constant "ABSPATH" in /home4/wefttkup/public_html/wp-settings.php:33
Stack trace:
#0 {main}
  thrown in /home4/wefttkup/public_html/wp-settings.php on line 33
this is a new file http error
home4/wefttkup/public_html/wp-includes/template-loader.php(106): include()
this somewhere includes elementor, but like no one will know
same but like now 403 ,now will know 
403 bro
adasddasda
fadfa
dasd
dasdasdadasdasddasdasdasdadhello
dadasdasdhello
hellohellopapi

hellodasdasdada, oppasdnaw jawanahellomereahe403llomera403do that elementor403
poppy403403403403403elementorelementor403elementor403403elementor403elementorelementor403403elementor
403403elementor403elementor403elementor403403elementor403403
403
403403403403dadasdelementorelementorfatal_errorfatal errorwp-settingswp-content/themes403elementorwp-content/themeswp-content/themes